<?xml version="1.0" encoding="UTF-8"?>
<!-- Generated by org.testng.reporters.JUnitReportReporter -->
<testsuite hostname="Ullas-PC" name="SeleniumStart.DynamicBrowser" tests="1" failures="0" timestamp="5 Jul 2015 17:41:38 GMT" time="36.200" errors="0">
  <testcase name="testDynamicBrowser" time="36.200" classname="SeleniumStart.DynamicBrowser"/>
</testsuite> <!-- SeleniumStart.DynamicBrowser -->
