<?xml version="1.0" encoding="UTF-8"?>
<!-- Generated by org.testng.reporters.JUnitReportReporter -->
<testsuite hostname="Ullas-PC" name="SeleniumStart.EmailDataProvider" tests="2" failures="0" timestamp="5 Jul 2015 10:02:53 GMT" time="0.026" errors="0">
  <testcase name="testMailSending" time="0.008" classname="SeleniumStart.EmailDataProvider"/>
  <testcase name="testMailSending" time="0.018" classname="SeleniumStart.EmailDataProvider"/>
</testsuite> <!-- SeleniumStart.EmailDataProvider -->
